###!----------------------------------------------
###!
###! JOC DE PROVES DE LA CLASSE ITER_SUBSET
###!
###!----------------------------------------------
###!
###!  1. Errors: k > n    
###!  2. n = 1
###!  3. n = 3
###!  4. n = 5
###!  6. operadors == y !=
###!  
###!
###!------------------------------------------------------------------
###1 Error 31: Acces amb iterador de subconjunts invalid
###!------------------------------------------------------------------
###!
#init it iter_subset 1 2
Error::iter_subset:31:Acces amb iterador de subconjunts invalid.
#*
Error::gen_driver:4:Objeto inexistente
##Error::iter_subset:31:Acces amb iterador de subconjunts invalid.
#end
Error::gen_driver:4:Objeto inexistente
##true
#++
Error::gen_driver:4:Objeto inexistente
#end
Error::gen_driver:4:Objeto inexistente
##true
#postincr
Error::gen_driver:4:Objeto inexistente
#end
Error::gen_driver:4:Objeto inexistente
##true
#all_subsets 1 2
Error::iter_subset:31:Acces amb iterador de subconjunts invalid.
##Error::iter_subset:31:Acces amb iterador de subconjunts invalid.
###!
#it destroy
Error::gen_driver:4:Objeto inexistente
###!
#init it iter_subset 0 1
Error::iter_subset:31:Acces amb iterador de subconjunts invalid.
#end
Error::gen_driver:4:Objeto inexistente
##true
#*
Error::gen_driver:4:Objeto inexistente
##Error::iter_subset:31:Acces amb iterador de subconjunts invalid.
#++
Error::gen_driver:4:Objeto inexistente
#end
Error::gen_driver:4:Objeto inexistente
##true
#++
Error::gen_driver:4:Objeto inexistente
#end
Error::gen_driver:4:Objeto inexistente
##true
#postincr
Error::gen_driver:4:Objeto inexistente
#end
Error::gen_driver:4:Objeto inexistente
##true
#postincr
Error::gen_driver:4:Objeto inexistente
#end
Error::gen_driver:4:Objeto inexistente
##true
###!
#it destroy
Error::gen_driver:4:Objeto inexistente
###!
###!
#init it iter_subset 1 1
Error::iter_subset:31:Acces amb iterador de subconjunts invalid.
#end
Error::gen_driver:4:Objeto inexistente
##false
#*
Error::gen_driver:4:Objeto inexistente
##{1}
#++
Error::gen_driver:4:Objeto inexistente
#*
Error::gen_driver:4:Objeto inexistente
##Error::iter_subset:31:Acces amb iterador de subconjunts invalid.
###!
#it destroy
Error::gen_driver:4:Objeto inexistente
###!
#init it iter_subset 1 1
Error::iter_subset:31:Acces amb iterador de subconjunts invalid.
#end
Error::gen_driver:4:Objeto inexistente
##false
#*
Error::gen_driver:4:Objeto inexistente
##{1}
#postincr
Error::gen_driver:4:Objeto inexistente
#*
Error::gen_driver:4:Objeto inexistente
##Error::iter_subset:31:Acces amb iterador de subconjunts invalid.
###!
#it destroy
Error::gen_driver:4:Objeto inexistente
###!
#init it iter_subset 5 3
